\BOOKMARK [0][]{chapter*.3}{List of Tables}{}% 1
\BOOKMARK [0][]{chapter*.4}{List of Figures}{}% 2
\BOOKMARK [0][]{chapter.1}{1 Introduction}{}% 3
\BOOKMARK [1][-]{section.1.1}{1.1 Motivation}{chapter.1}% 4
\BOOKMARK [1][-]{section.1.2}{1.2 Core of this work}{chapter.1}% 5
\BOOKMARK [0][]{chapter.2}{2 Foundation in Data integration}{}% 6
\BOOKMARK [1][-]{section.2.1}{2.1 Heterogeneity}{chapter.2}% 7
\BOOKMARK [1][-]{section.2.2}{2.2 Distribution}{chapter.2}% 8
\BOOKMARK [2][-]{subsection.2.2.1}{2.2.1 Physical distribution}{section.2.2}% 9
\BOOKMARK [2][-]{subsection.2.2.2}{2.2.2 Logical distribution}{section.2.2}% 10
\BOOKMARK [1][-]{section.2.3}{2.3 Architectures}{chapter.2}% 11
\BOOKMARK [0][]{chapter.3}{3 Dataspaces}{}% 12
\BOOKMARK [1][-]{section.3.1}{3.1 Components and Services}{chapter.3}% 13
\BOOKMARK [1][-]{section.3.2}{3.2 Query answering}{chapter.3}% 14
\BOOKMARK [1][-]{section.3.3}{3.3 Uncertainty in Dataspaces}{chapter.3}% 15
\BOOKMARK [2][-]{subsection.3.3.1}{3.3.1 Probabilistic Mediated Schema Mapping}{section.3.3}% 16
\BOOKMARK [1][-]{section.3.4}{3.4 Towards a Model for Multimedia Dataspaces}{chapter.3}% 17
\BOOKMARK [0][]{chapter.4}{4 Reference Projects}{}% 18
\BOOKMARK [1][-]{section.4.1}{4.1 DebugIT}{chapter.4}% 19
\BOOKMARK [0][]{chapter.5}{5 Implementation}{}% 20
\BOOKMARK [1][-]{section.5.1}{5.1 Setting up databases}{chapter.5}% 21
\BOOKMARK [1][-]{section.5.2}{5.2 Wrappers}{chapter.5}% 22
\BOOKMARK [1][-]{section.5.3}{5.3 Register}{chapter.5}% 23
\BOOKMARK [1][-]{section.5.4}{5.4 Basic dataspace querying}{chapter.5}% 24
\BOOKMARK [1][-]{section.5.5}{5.5 Advanced query techniques/features}{chapter.5}% 25
\BOOKMARK [1][-]{section.5.6}{5.6 GUI}{chapter.5}% 26
\BOOKMARK [1][-]{section.5.7}{5.7 Validation}{chapter.5}% 27
\BOOKMARK [0][]{chapter.6}{6 Glossary}{}% 28
\BOOKMARK [0][]{chapter*.5}{Bibliography}{}% 29
